<?xml version="1.0" encoding="UTF-8"?>
<testng-results ignored="0" total="1" passed="1" failed="0" skipped="0">
  <reporter-output>
  </reporter-output>
  <suite started-at="2021-11-09T02:38:15Z" name="Gradle suite" finished-at="2021-11-09T02:38:15Z" duration-ms="61">
    <groups>
    </groups>
    <test started-at="2021-11-09T02:38:15Z" name="Gradle test" finished-at="2021-11-09T02:38:15Z" duration-ms="61">
      <class name="parsing.lexer.ListLexerTest">
        <test-method is-config="true" signature="setUp()[pri:0, instance:parsing.lexer.ListLexerTest@1dc355f1]" started-at="2021-11-09T02:38:15Z" name="setUp" finished-at="2021-11-09T02:38:15Z" duration-ms="8" status="PASS">
          <reporter-output>
          </reporter-output>
        </test-method> <!-- setUp -->
        <test-method signature="testNextToken()[pri:0, instance:parsing.lexer.ListLexerTest@1dc355f1]" started-at="2021-11-09T02:38:15Z" name="testNextToken" finished-at="2021-11-09T02:38:15Z" duration-ms="37" status="PASS">
          <reporter-output>
          </reporter-output>
        </test-method> <!-- testNextToken -->
        <test-method is-config="true" signature="tearDown()[pri:0, instance:parsing.lexer.ListLexerTest@1dc355f1]" started-at="2021-11-09T02:38:15Z" name="tearDown" finished-at="2021-11-09T02:38:15Z" duration-ms="0" status="PASS">
          <reporter-output>
          </reporter-output>
        </test-method> <!-- tearDown -->
      </class> <!-- parsing.lexer.ListLexerTest -->
    </test> <!-- Gradle test -->
  </suite> <!-- Gradle suite -->
</testng-results>
